Determining if the pthread_create exist failed with the following output:
Change Dir: /tmp/tmp.9fhkOexzFp/cmake-build-debug/CMakeFiles/CMakeTmp

Run Build Command:"/usr/bin/make" "cmTC_1d411/fast"
make[1]: Entering directory '/tmp/tmp.9fhkOexzFp/cmake-build-debug/CMakeFiles/CMakeTmp'
/usr/bin/make -f CMakeFiles/cmTC_1d411.dir/build.make CMakeFiles/cmTC_1d411.dir/build
make[2]: Entering directory '/tmp/tmp.9fhkOexzFp/cmake-build-debug/CMakeFiles/CMakeTmp'
Building C object CMakeFiles/cmTC_1d411.dir/CheckSymbolExists.c.o
/usr/bin/cc     -o CMakeFiles/cmTC_1d411.dir/CheckSymbolExists.c.o   -c /tmp/tmp.9fhkOexzFp/cmake-build-debug/CMakeFiles/CMakeTmp/CheckSymbolExists.c
Linking C executable cmTC_1d411
/usr/bin/cmake -E cmake_link_script CMakeFiles/cmTC_1d411.dir/link.txt --verbose=1
/usr/bin/cc       CMakeFiles/cmTC_1d411.dir/CheckSymbolExists.c.o  -o cmTC_1d411 -rdynamic 
CMakeFiles/cmTC_1d411.dir/CheckSymbolExists.c.o: In function `main':
CheckSymbolExists.c:(.text+0x16): undefined reference to `pthread_create'
collect2: error: ld returned 1 exit status
CMakeFiles/cmTC_1d411.dir/build.make:97: recipe for target 'cmTC_1d411' failed
make[2]: *** [cmTC_1d411] Error 1
make[2]: Leaving directory '/tmp/tmp.9fhkOexzFp/cmake-build-debug/CMakeFiles/CMakeTmp'
Makefile:126: recipe for target 'cmTC_1d411/fast' failed
make[1]: *** [cmTC_1d411/fast] Error 2
make[1]: Leaving directory '/tmp/tmp.9fhkOexzFp/cmake-build-debug/CMakeFiles/CMakeTmp'

File /tmp/tmp.9fhkOexzFp/cmake-build-debug/CMakeFiles/CMakeTmp/CheckSymbolExists.c:
/* */
#include <pthread.h>

int main(int argc, char** argv)
{
  (void)argv;
#ifndef pthread_create
  return ((int*)(&pthread_create))[argc];
#else
  (void)argc;
  return 0;
#endif
}

Determining if the function pthread_create exists in the pthreads failed with the following output:
Change Dir: /tmp/tmp.9fhkOexzFp/cmake-build-debug/CMakeFiles/CMakeTmp

Run Build Command:"/usr/bin/make" "cmTC_1fe9f/fast"
make[1]: Entering directory '/tmp/tmp.9fhkOexzFp/cmake-build-debug/CMakeFiles/CMakeTmp'
/usr/bin/make -f CMakeFiles/cmTC_1fe9f.dir/build.make CMakeFiles/cmTC_1fe9f.dir/build
make[2]: Entering directory '/tmp/tmp.9fhkOexzFp/cmake-build-debug/CMakeFiles/CMakeTmp'
Building C object CMakeFiles/cmTC_1fe9f.dir/CheckFunctionExists.c.o
/usr/bin/cc    -DCHECK_FUNCTION_EXISTS=pthread_create   -o CMakeFiles/cmTC_1fe9f.dir/CheckFunctionExists.c.o   -c /usr/share/cmake-3.5/Modules/CheckFunctionExists.c
Linking C executable cmTC_1fe9f
/usr/bin/cmake -E cmake_link_script CMakeFiles/cmTC_1fe9f.dir/link.txt --verbose=1
/usr/bin/cc   -DCHECK_FUNCTION_EXISTS=pthread_create    CMakeFiles/cmTC_1fe9f.dir/CheckFunctionExists.c.o  -o cmTC_1fe9f -rdynamic -lpthreads 
/usr/bin/ld: cannot find -lpthreads
collect2: error: ld returned 1 exit status
CMakeFiles/cmTC_1fe9f.dir/build.make:97: recipe for target 'cmTC_1fe9f' failed
make[2]: *** [cmTC_1fe9f] Error 1
make[2]: Leaving directory '/tmp/tmp.9fhkOexzFp/cmake-build-debug/CMakeFiles/CMakeTmp'
Makefile:126: recipe for target 'cmTC_1fe9f/fast' failed
make[1]: *** [cmTC_1fe9f/fast] Error 2
make[1]: Leaving directory '/tmp/tmp.9fhkOexzFp/cmake-build-debug/CMakeFiles/CMakeTmp'


Determining if the function sgesv exists failed with the following output:
Change Dir: /tmp/tmp.9fhkOexzFp/cmake-build-debug/CMakeFiles/CMakeTmp

Run Build Command:"/usr/bin/make" "cmTC_f7570/fast"
make[1]: Entering directory '/tmp/tmp.9fhkOexzFp/cmake-build-debug/CMakeFiles/CMakeTmp'
/usr/bin/make -f CMakeFiles/cmTC_f7570.dir/build.make CMakeFiles/cmTC_f7570.dir/build
make[2]: Entering directory '/tmp/tmp.9fhkOexzFp/cmake-build-debug/CMakeFiles/CMakeTmp'
Building C object CMakeFiles/cmTC_f7570.dir/CheckFunctionExists.c.o
/usr/bin/cc    -DCHECK_FUNCTION_EXISTS=sgesv   -o CMakeFiles/cmTC_f7570.dir/CheckFunctionExists.c.o   -c /usr/share/cmake-3.5/Modules/CheckFunctionExists.c
Linking C executable cmTC_f7570
/usr/bin/cmake -E cmake_link_script CMakeFiles/cmTC_f7570.dir/link.txt --verbose=1
/usr/bin/cc   -DCHECK_FUNCTION_EXISTS=sgesv    CMakeFiles/cmTC_f7570.dir/CheckFunctionExists.c.o  -o cmTC_f7570 -rdynamic /usr/lib/liblapack.so 
CMakeFiles/cmTC_f7570.dir/CheckFunctionExists.c.o: In function `main':
CheckFunctionExists.c:(.text+0x15): undefined reference to `sgesv'
collect2: error: ld returned 1 exit status
CMakeFiles/cmTC_f7570.dir/build.make:98: recipe for target 'cmTC_f7570' failed
make[2]: *** [cmTC_f7570] Error 1
make[2]: Leaving directory '/tmp/tmp.9fhkOexzFp/cmake-build-debug/CMakeFiles/CMakeTmp'
Makefile:126: recipe for target 'cmTC_f7570/fast' failed
make[1]: *** [cmTC_f7570/fast] Error 2
make[1]: Leaving directory '/tmp/tmp.9fhkOexzFp/cmake-build-debug/CMakeFiles/CMakeTmp'


Determining if the function sgetrf_single exists failed with the following output:
Change Dir: /tmp/tmp.9fhkOexzFp/cmake-build-debug/CMakeFiles/CMakeTmp

Run Build Command:"/usr/bin/make" "cmTC_021d3/fast"
make[1]: Entering directory '/tmp/tmp.9fhkOexzFp/cmake-build-debug/CMakeFiles/CMakeTmp'
/usr/bin/make -f CMakeFiles/cmTC_021d3.dir/build.make CMakeFiles/cmTC_021d3.dir/build
make[2]: Entering directory '/tmp/tmp.9fhkOexzFp/cmake-build-debug/CMakeFiles/CMakeTmp'
Building C object CMakeFiles/cmTC_021d3.dir/CheckFunctionExists.c.o
/usr/bin/cc    -DCHECK_FUNCTION_EXISTS=sgetrf_single   -o CMakeFiles/cmTC_021d3.dir/CheckFunctionExists.c.o   -c /usr/share/cmake-3.5/Modules/CheckFunctionExists.c
Linking C executable cmTC_021d3
/usr/bin/cmake -E cmake_link_script CMakeFiles/cmTC_021d3.dir/link.txt --verbose=1
/usr/bin/cc   -DCHECK_FUNCTION_EXISTS=sgetrf_single    CMakeFiles/cmTC_021d3.dir/CheckFunctionExists.c.o  -o cmTC_021d3 -rdynamic /usr/lib/libcblas.so 
CMakeFiles/cmTC_021d3.dir/CheckFunctionExists.c.o: In function `main':
CheckFunctionExists.c:(.text+0x15): undefined reference to `sgetrf_single'
collect2: error: ld returned 1 exit status
CMakeFiles/cmTC_021d3.dir/build.make:98: recipe for target 'cmTC_021d3' failed
make[2]: *** [cmTC_021d3] Error 1
make[2]: Leaving directory '/tmp/tmp.9fhkOexzFp/cmake-build-debug/CMakeFiles/CMakeTmp'
Makefile:126: recipe for target 'cmTC_021d3/fast' failed
make[1]: *** [cmTC_021d3/fast] Error 2
make[1]: Leaving directory '/tmp/tmp.9fhkOexzFp/cmake-build-debug/CMakeFiles/CMakeTmp'


